[UPLOAD] 2025/12/29 00:11:25 登录成功，token 已获取
[UPLOAD] 2025/12/29 00:11:25 开始扫描目录...
[UPLOAD] 2025/12/29 00:11:25 扫描完成，1 小时后再次扫描
[UPLOAD] 2025/12/29 00:11:36 上传 /home/file/static/stream/douyin/吐泡泡/2025-11/[2025-11-30 21:12:16][吐泡泡][你又在偷看]_003.mp4（第 1 次）
[UPLOAD] 2025/12/29 00:11:39 上传 /home/file/static/stream/douyin/吐泡泡/2025-11/[2025-11-30 21:12:16][吐泡泡][你又在偷看]_002.mp4（第 1 次）
[UPLOAD] 2025/12/29 00:11:39 上传 /home/file/static/stream/douyin/吐泡泡/2025-11/[2025-11-30 21:12:16][吐泡泡][你又在偷看]_001.mp4（第 1 次）
[UPLOAD] 2025/12/29 00:11:40 上传 /home/file/static/stream/douyin/吐泡泡/2025-11/[2025-11-30 21:12:16][吐泡泡][你又在偷看]_000.mp4（第 1 次）
[UPLOAD] 2025/12/29 00:11:53 上传 /home/file/static/stream/douyin/吐泡泡/2025-11/[2025-11-30 21:12:16][吐泡泡][你又在偷看]_003.mp4（第 2 次）
[UPLOAD] 2025/12/29 00:11:55 上传 /home/file/static/stream/douyin/吐泡泡/2025-11/[2025-11-30 21:12:16][吐泡泡][你又在偷看]_002.mp4（第 2 次）
[UPLOAD] 2025/12/29 00:12:09 上传 /home/file/static/stream/douyin/吐泡泡/2025-11/[2025-11-08 23:17:55][吐泡泡][你又在偷看].mp4（第 1 次）
[UPLOAD] 2025/12/29 00:12:09 上传 /home/file/static/stream/douyin/吐泡泡/2025-11/[2025-11-30 21:12:16][吐泡泡][你又在偷看]_000.mp4（第 2 次）
[UPLOAD] 2025/12/29 00:12:54 上传 /home/file/static/stream/douyin/吐泡泡/2025-11/[2025-11-30 21:12:16][吐泡泡][你又在偷看]_003.mp4（第 3 次）
[UPLOAD] 2025/12/29 00:12:54 上传 /home/file/static/stream/douyin/吐泡泡/2025-11/[2025-11-30 21:12:16][吐泡泡][你又在偷看]_001.mp4（第 2 次）
[UPLOAD] 2025/12/29 00:13:50 登录成功，token 已获取
[UPLOAD] 2025/12/29 00:13:50 开始扫描目录...
[UPLOAD] 2025/12/29 00:13:50 扫描完成，1 小时后再次扫描
[UPLOAD] 2025/12/29 00:14:03 上传 /home/file/static/stream/douyin/吐泡泡/2025-11/[2025-11-30 21:12:16][吐泡泡][你又在偷看]_003.mp4（第 1 次）
[UPLOAD] 2025/12/29 00:14:06 上传 /home/file/static/stream/douyin/吐泡泡/2025-11/[2025-11-30 21:12:16][吐泡泡][你又在偷看]_001.mp4（第 1 次）
[UPLOAD] 2025/12/29 00:14:07 上传 /home/file/static/stream/douyin/吐泡泡/2025-11/[2025-11-30 21:12:16][吐泡泡][你又在偷看]_000.mp4（第 1 次）
[UPLOAD] 2025/12/29 00:14:09 上传 /home/file/static/stream/douyin/吐泡泡/2025-11/[2025-11-30 21:12:16][吐泡泡][你又在偷看]_002.mp4（第 1 次）
[UPLOAD] 2025/12/29 00:14:11 上传 /home/file/static/stream/douyin/吐泡泡/2025-11/[2025-11-30 21:12:16][吐泡泡][你又在偷看]_003.mp4（第 2 次）
[UPLOAD] 2025/12/29 00:14:18 上传 /home/file/static/stream/douyin/吐泡泡/2025-11/[2025-11-30 21:12:16][吐泡泡][你又在偷看]_001.mp4（第 2 次）
[UPLOAD] 2025/12/29 00:14:34 上传 /home/file/static/stream/douyin/吐泡泡/2025-11/[2025-11-08 23:17:55][吐泡泡][你又在偷看].mp4（第 1 次）
[UPLOAD] 2025/12/29 00:14:36 上传 /home/file/static/stream/douyin/吐泡泡/2025-11/[2025-11-30 21:12:16][吐泡泡][你又在偷看]_003.mp4（第 3 次）
[UPLOAD] 2025/12/29 00:14:45 上传 /home/file/static/stream/douyin/吐泡泡/2025-11/[2025-11-30 21:12:16][吐泡泡][你又在偷看]_002.mp4（第 2 次）
[UPLOAD] 2025/12/29 00:14:45 上传 /home/file/static/stream/douyin/吐泡泡/2025-11/[2025-11-30 21:12:16][吐泡泡][你又在偷看]_000.mp4（第 2 次）
[UPLOAD] 2025/12/29 00:17:21 登录成功，token 已获取
[UPLOAD] 2025/12/29 00:17:21 开始扫描目录...
[UPLOAD] 2025/12/29 00:17:21 扫描完成，1 小时后再次扫描
[UPLOAD] 2025/12/29 00:17:34 上传 /home/file/static/stream/douyin/吐泡泡/2025-11/[2025-11-30 21:12:16][吐泡泡][你又在偷看]_003.mp4（第 1 次）
[UPLOAD] 2025/12/29 00:17:37 上传 /home/file/static/stream/douyin/吐泡泡/2025-11/[2025-11-30 21:12:16][吐泡泡][你又在偷看]_001.mp4（第 1 次）
[UPLOAD] 2025/12/29 00:17:37 上传 /home/file/static/stream/douyin/吐泡泡/2025-11/[2025-11-30 21:12:16][吐泡泡][你又在偷看]_002.mp4（第 1 次）
[UPLOAD] 2025/12/29 00:17:38 上传 /home/file/static/stream/douyin/吐泡泡/2025-11/[2025-11-30 21:12:16][吐泡泡][你又在偷看]_000.mp4（第 1 次）
[UPLOAD] 2025/12/29 00:17:42 上传 /home/file/static/stream/douyin/吐泡泡/2025-11/[2025-11-30 21:12:16][吐泡泡][你又在偷看]_003.mp4（第 2 次）
[UPLOAD] 2025/12/29 00:17:45 上传 /home/file/static/stream/douyin/吐泡泡/2025-11/[2025-11-30 21:12:16][吐泡泡][你又在偷看]_001.mp4（第 2 次）
[UPLOAD] 2025/12/29 00:18:09 上传 /home/file/static/stream/douyin/吐泡泡/2025-11/[2025-11-30 21:12:16][吐泡泡][你又在偷看]_000.mp4（第 2 次）
[UPLOAD] 2025/12/29 00:18:09 上传 /home/file/static/stream/douyin/吐泡泡/2025-11/[2025-11-30 21:12:16][吐泡泡][你又在偷看]_002.mp4（第 2 次）
[UPLOAD] 2025/12/29 00:19:02 上传 /home/file/static/stream/douyin/吐泡泡/2025-11/[2025-11-08 23:17:55][吐泡泡][你又在偷看].mp4（第 1 次）
[UPLOAD] 2025/12/29 00:21:33 登录成功，token 已获取
[UPLOAD] 2025/12/29 00:21:33 开始扫描目录...
[UPLOAD] 2025/12/29 00:21:33 扫描完成，1 小时后再次扫描
[UPLOAD] 2025/12/29 00:21:46 上传 /home/file/static/stream/douyin/吐泡泡/2025-11/[2025-11-30 21:12:16][吐泡泡][你又在偷看]_003.mp4（第 1 次）
[UPLOAD] 2025/12/29 00:21:48 上传 /home/file/static/stream/douyin/吐泡泡/2025-11/[2025-11-30 21:12:16][吐泡泡][你又在偷看]_002.mp4（第 1 次）
[UPLOAD] 2025/12/29 00:21:49 上传 /home/file/static/stream/douyin/吐泡泡/2025-11/[2025-11-30 21:12:16][吐泡泡][你又在偷看]_001.mp4（第 1 次）
[UPLOAD] 2025/12/29 00:21:50 上传 /home/file/static/stream/douyin/吐泡泡/2025-11/[2025-11-30 21:12:16][吐泡泡][你又在偷看]_000.mp4（第 1 次）
[UPLOAD] 2025/12/29 00:21:54 上传 /home/file/static/stream/douyin/吐泡泡/2025-11/[2025-11-30 21:12:16][吐泡泡][你又在偷看]_003.mp4（第 2 次）
[UPLOAD] 2025/12/29 00:21:59 上传 /home/file/static/stream/douyin/吐泡泡/2025-11/[2025-11-30 21:12:16][吐泡泡][你又在偷看]_002.mp4（第 2 次）
[UPLOAD] 2025/12/29 00:22:17 上传 /home/file/static/stream/douyin/吐泡泡/2025-11/[2025-11-30 21:12:16][吐泡泡][你又在偷看]_001.mp4（第 2 次）
[UPLOAD] 2025/12/29 00:22:21 上传 /home/file/static/stream/douyin/吐泡泡/2025-11/[2025-11-08 23:17:55][吐泡泡][你又在偷看].mp4（第 1 次）
[UPLOAD] 2025/12/29 00:22:35 上传 /home/file/static/stream/douyin/吐泡泡/2025-11/[2025-11-30 21:12:16][吐泡泡][你又在偷看]_000.mp4（第 2 次）
[UPLOAD] 2025/12/29 00:22:35 上传 /home/file/static/stream/douyin/吐泡泡/2025-11/[2025-11-30 21:12:16][吐泡泡][你又在偷看]_003.mp4（第 3 次）
[UPLOAD] 2025/12/29 00:23:42 登录成功，token 已获取
[UPLOAD] 2025/12/29 00:23:42 开始扫描目录...
[UPLOAD] 2025/12/29 00:23:42 扫描完成，1 小时后再次扫描
[UP] 2025/12/29 00:25:49 [HASH] 无历史 hash 文件，跳过加载
[UP] 2025/12/29 00:25:49 [HTTP][REQ] LOGIN: POST http://127.0.0.1:5244/api/auth/login
[UP] 2025/12/29 00:25:49 [HTTP][REQ] Headers: Content-Type: application/json; 
[UP] 2025/12/29 00:25:50 [HTTP][RESP] LOGIN | Status:200 OK | Code:200 | Duration:24.313976ms
[UP] 2025/12/29 00:25:50 [HTTP][RESP] LOGIN | Headers: map[Content-Length:[243] Content-Type:[application/json; charset=utf-8] Date:[Sun, 28 Dec 2025 16:25:50 GMT]]
[UP] 2025/12/29 00:25:50 [HTTP][RESP] LOGIN | Body: {"code":200,"message":"success","data":{"token":"eyJhbGciOiJIUzI1NiIsInR5cCI6IkpXVCJ9.eyJ1c2VybmFtZSI6ImFkbWluIiwicHdkX3RzIjowLCJleHAiOjE3NjcxMTE5NTAsIm5iZiI6MTc2NjkzOTE1MCwiaWF0IjoxNzY2OTM5MTUwfQ.iAIB_GP-xeBcyvbcmywWtKBOrl7MF3Q0Y-rTmDiljVo"}}
[UP] 2025/12/29 00:25:50 [MAIN] 登录成功，开始一次扫描并上传
[UP] 2025/12/29 00:25:59 [UPLOAD][START] /home/file/static/stream/douyin/吐泡泡/2025-11/[2025-11-30 21:12:16][吐泡泡][你又在偷看]_001.mp4 | 大小:344.37MB | 修改:2025-11-30 22:12:18
[UP] 2025/12/29 00:26:00 [UPLOAD][START] /home/file/static/stream/douyin/吐泡泡/2025-11/[2025-11-30 21:12:16][吐泡泡][你又在偷看]_000.mp4 | 大小:367.47MB | 修改:2025-11-30 21:42:19
[UP] 2025/12/29 00:26:05 [HTTP][REQ] UPLOAD | PUT http://127.0.0.1:5244/api/fs/form
[UP] 2025/12/29 00:26:05 [HTTP][REQ] UPLOAD | Headers: Content-Type: multipart/form-data; boundary=4f0ace1d9982331642d784a3157740f4bf68c28f594ecb2ee5d249597afc; Authorization: Bearer eyJ...; 
[UP] 2025/12/29 00:26:05 [HTTP][RESP] UPLOAD | Status:200 OK | Code:200 | Duration:34.297746ms
[UP] 2025/12/29 00:26:05 [HTTP][RESP] UPLOAD | Headers: map[Content-Length:[57] Content-Type:[application/json; charset=utf-8] Date:[Sun, 28 Dec 2025 16:26:05 GMT]]
[UP] 2025/12/29 00:26:05 [HTTP][RESP] UPLOAD | Body: {"code":401,"message":"token is invalidated","data":null}
[UP] 2025/12/29 00:26:06 [UPLOAD][FAIL][BIZ] /home/file/static/stream/douyin/吐泡泡/2025-11/[2025-11-30 21:12:16][吐泡泡][你又在偷看]_001.mp4 返回 code=401 message=token is invalidated
[UP] 2025/12/29 00:26:08 [HTTP][REQ] UPLOAD | PUT http://127.0.0.1:5244/api/fs/form
[UP] 2025/12/29 00:26:08 [HTTP][REQ] UPLOAD | Headers: Content-Type: multipart/form-data; boundary=e16343a3490ab1e0efc95185f18ca68ffa121c5ffd267095d4da60b6ee54; Authorization: Bearer eyJ...; 
[UP] 2025/12/29 00:26:08 [HTTP][RESP] UPLOAD | Status:200 OK | Code:200 | Duration:37.760037ms
[UP] 2025/12/29 00:26:08 [HTTP][RESP] UPLOAD | Headers: map[Content-Length:[57] Content-Type:[application/json; charset=utf-8] Date:[Sun, 28 Dec 2025 16:26:08 GMT]]
[UP] 2025/12/29 00:26:08 [HTTP][RESP] UPLOAD | Body: {"code":401,"message":"token is invalidated","data":null}
[UP] 2025/12/29 00:26:08 [UPLOAD][FAIL][BIZ] /home/file/static/stream/douyin/吐泡泡/2025-11/[2025-11-30 21:12:16][吐泡泡][你又在偷看]_000.mp4 返回 code=401 message=token is invalidated
[UP] 2025/12/29 00:26:11 [UPLOAD][RETRY] /home/file/static/stream/douyin/吐泡泡/2025-11/[2025-11-30 21:12:16][吐泡泡][你又在偷看]_001.mp4 第 2 次重试
